2016-08-11 23:53:19 [127.0.0.1][11][-][error][application] Array
(
    [id] => 
    [title] => 新版测试2222
    [type] => 0
    [tag] => 也许 明天 会更好
    [author] => 夜小楼
    [thumbnail] => http://img.zyee.org/uploads/20160811/23/609557ac9bd3e10bb.gif
    [description] => 少小离家老大回，乡音无改鬓毛衰。昨夜星辰昨夜风，画楼西畔桂塘东。
    [addtime] => 1470930799
    [is_del] => 0
    [del_time] => 0
    [content] => <p>少小离家老大回，</p><p>乡音无改鬓毛衰。</p><p>昨夜星辰昨夜风，</p><p>画楼西畔桂塘东。</p>
    [thumbUrl] => Array
        (
        )

    [thumbDescription] => Array
        (
        )

    [thumbAddtime] => Array
        (
        )

)

    in E:\project\SimpleBlog\common\models\ArticleForm.php:186
    in E:\project\SimpleBlog\backend\modules\article\controllers\ArticleController.php:101
2016-08-11 23:53:19 [127.0.0.1][11][-][error][application] Array
(
    [0] => 也许
    [1] => 明天
    [2] => 会更好
)

    in E:\project\SimpleBlog\common\models\ArticleForm.php:198
    in E:\project\SimpleBlog\backend\modules\article\controllers\ArticleController.php:101
2016-08-11 23:53:19 [127.0.0.1][11][-][error][application] Array
(
    [0] => 也许
    [1] => 明天
    [2] => 会更好
)

    in E:\project\SimpleBlog\common\models\ArticleForm.php:206
    in E:\project\SimpleBlog\backend\modules\article\controllers\ArticleController.php:101
2016-08-11 23:53:19 [127.0.0.1][11][-][error][application] 0
    in E:\project\SimpleBlog\common\models\ArticleForm.php:208
    in E:\project\SimpleBlog\backend\modules\article\controllers\ArticleController.php:101
2016-08-11 23:53:19 [127.0.0.1][11][-][error][application] Array
(
    [id] => 
    [aid] => 52
    [content] => <p>少小离家老大回，</p><p>乡音无改鬓毛衰。</p><p>昨夜星辰昨夜风，</p><p>画楼西畔桂塘东。</p>
)

    in E:\project\SimpleBlog\common\models\ArticleForm.php:232
    in E:\project\SimpleBlog\backend\modules\article\controllers\ArticleController.php:101
2016-08-11 23:53:18 [127.0.0.1][11][-][info][application] $_GET = [
    'r' => 'article/article/create'
]

$_POST = [
    '_csrf' => 'VDVMVVBGZGMMYSoeGQ4pMBEYBRpmAVUBFVJ5ASoWBwEDXiEKPiVSNQ=='
    'ArticleForm' => [
        'title' => '新版测试2222'
        'type' => '0'
        'tag' => '也许 明天 会更好'
        'thumbnail' => 'http://img.zyee.org/uploads/20160811/23/609557ac9bd3e10bb.gif'
        'content' => '<p>少小离家老大回，</p><p>乡音无改鬓毛衰。</p><p>昨夜星辰昨夜风，</p><p>画楼西畔桂塘东。</p>'
    ]
]

$_COOKIE = [
    '_csrf' => 'c75c1261aa1caeba71d17e587dbb3699a6f7c36437dee5d35635388a673e4769a:2:{i:0;s:5:\"_csrf\";i:1;s:32:\"XTfKIHMSE-IO6G1bAg5TzPcbWkm_nc6V\";}'
    'PHPSESSID' => 'gk2o373adurnugl3f8esb2ko97'
    '_identity' => '980e009b82b4153bf546ab1a63abfc47d45ae719d49b26726a5454a36f478522a:2:{i:0;s:9:\"_identity\";i:1;s:49:\"[\"11\",\"7d7a5763fddb3d475e7400fb684830af\",2592000]\";}'
]

$_SESSION = [
    '__flash' => []
    '__id' => '11'
]

$_SERVER = [
    'PATH' => 'C:\\Program Files (x86)\\Common Files\\NetSarang;C:\\Program Files\\Java\\jdk1.8.0_60\\bin;C:\\Program Files (x86)\\NVIDIA Corporation\\PhysX\\Common;C:\\WINDOWS\\system32;C:\\WINDOWS;C:\\WINDOWS\\System32\\Wbem;C:\\WINDOWS\\System32\\WindowsPowerShell\\v1.0\\;D:\\amp\\MySQL Server 5.5\\bin;C:\\Program Files\\TortoiseSVN\\bin;F:\\mingw492_32\\bin;D:\\phpStudy\\php55n;C:\\ProgramData\\ComposerSetup\\bin;C:\\Program Files\\Git\\cmd;c:\\Program Files (x86)\\QuickTime\\QTSystem\\;C:\\Program Files\\Java\\jdk1.8.0_60\\bin;'
    'SYSTEMROOT' => 'C:\\WINDOWS'
    'COMSPEC' => 'C:\\WINDOWS\\system32\\cmd.exe'
    'PATHEXT' => '.COM;.EXE;.BAT;.CMD;.VBS;.VBE;.JS;.JSE;.WSF;.WSH;.MSC'
    'WINDIR' => 'C:\\WINDOWS'
    'PHP_FCGI_MAX_REQUESTS' => '1000'
    'PHPRC' => 'D:/phpStudy/php55n'
    '_FCGI_SHUTDOWN_EVENT_' => '2612'
    'SCRIPT_NAME' => '/back/index.php'
    'REQUEST_URI' => '/back/article/article/create'
    'QUERY_STRING' => 'r=article/article/create'
    'REQUEST_METHOD' => 'POST'
    'SERVER_PROTOCOL' => 'HTTP/1.1'
    'GATEWAY_INTERFACE' => 'CGI/1.1'
    'REDIRECT_QUERY_STRING' => 'r=article/article/create'
    'REDIRECT_URL' => '/back/article/article/create'
    'REMOTE_PORT' => '51242'
    'SCRIPT_FILENAME' => 'E:/project/SimpleBlog/back/index.php'
    'SERVER_ADMIN' => 'admin@phpStudy.net'
    'CONTEXT_DOCUMENT_ROOT' => 'E:/project/SimpleBlog'
    'CONTEXT_PREFIX' => ''
    'REQUEST_SCHEME' => 'http'
    'DOCUMENT_ROOT' => 'E:/project/SimpleBlog'
    'REMOTE_ADDR' => '127.0.0.1'
    'SERVER_PORT' => '80'
    'SERVER_ADDR' => '127.0.0.1'
    'SERVER_NAME' => 'simpleblog.com'
    'SERVER_SOFTWARE' => 'Apache/2.4.18 (Win32) OpenSSL/1.0.2e mod_fcgid/2.3.9'
    'SERVER_SIGNATURE' => ''
    'SystemRoot' => 'C:\\WINDOWS'
    'HTTP_COOKIE' => '_csrf=c75c1261aa1caeba71d17e587dbb3699a6f7c36437dee5d35635388a673e4769a%3A2%3A%7Bi%3A0%3Bs%3A5%3A%22_csrf%22%3Bi%3A1%3Bs%3A32%3A%22XTfKIHMSE-IO6G1bAg5TzPcbWkm_nc6V%22%3B%7D; PHPSESSID=gk2o373adurnugl3f8esb2ko97; _identity=980e009b82b4153bf546ab1a63abfc47d45ae719d49b26726a5454a36f478522a%3A2%3A%7Bi%3A0%3Bs%3A9%3A%22_identity%22%3Bi%3A1%3Bs%3A49%3A%22%5B%2211%22%2C%227d7a5763fddb3d475e7400fb684830af%22%2C2592000%5D%22%3B%7D'
    'HTTP_ACCEPT_LANGUAGE' => 'zh-CN,zh;q=0.8'
    'HTTP_ACCEPT_ENCODING' => 'gzip, deflate'
    'HTTP_REFERER' => 'http://simpleblog.com/back/article/article/create'
    'CONTENT_TYPE' => 'application/x-www-form-urlencoded'
    'HTTP_USER_AGENT' => 'Mozilla/5.0 (Windows NT 10.0; WOW64) AppleWebKit/537.36 (KHTML, like Gecko) Chrome/50.0.2661.102 Safari/537.36'
    'HTTP_UPGRADE_INSECURE_REQUESTS' => '1'
    'HTTP_ORIGIN' => 'http://simpleblog.com'
    'HTTP_ACCEPT' => 'text/html,application/xhtml+xml,application/xml;q=0.9,image/webp,*/*;q=0.8'
    'HTTP_CACHE_CONTROL' => 'max-age=0'
    'CONTENT_LENGTH' => '726'
    'HTTP_CONNECTION' => 'close'
    'HTTP_HOST' => 'simpleblog.com'
    'REDIRECT_STATUS' => '200'
    'FCGI_ROLE' => 'RESPONDER'
    'PHP_SELF' => '/back/index.php'
    'REQUEST_TIME_FLOAT' => 1470930798.8301
    'REQUEST_TIME' => 1470930798
]
2016-08-11 23:56:05 [127.0.0.1][11][-][error][application] Array
(
    [id] => 
    [title] => 新版测试2222
    [type] => 0
    [tag] => 也许 明天 会更好
    [author] => 夜小楼
    [thumbnail] => http://img.zyee.org/uploads/20160811/23/609557ac9bd3e10bb.gif
    [description] => 少小离家老大回，乡音无改鬓毛衰。昨夜星辰昨夜风，画楼西畔桂塘东。
    [addtime] => 1470930965
    [is_del] => 0
    [del_time] => 0
    [content] => <p>少小离家老大回，</p><p>乡音无改鬓毛衰。</p><p>昨夜星辰昨夜风，</p><p>画楼西畔桂塘东。</p>
    [thumbUrl] => Array
        (
        )

    [thumbDescription] => Array
        (
        )

    [thumbAddtime] => Array
        (
        )

)

    in E:\project\SimpleBlog\common\models\ArticleForm.php:186
    in E:\project\SimpleBlog\backend\modules\article\controllers\ArticleController.php:101
2016-08-11 23:56:05 [127.0.0.1][11][-][error][application] Array
(
    [0] => 也许
    [1] => 明天
    [2] => 会更好
)

    in E:\project\SimpleBlog\common\models\ArticleForm.php:198
    in E:\project\SimpleBlog\backend\modules\article\controllers\ArticleController.php:101
2016-08-11 23:56:06 [127.0.0.1][11][-][error][application] Array
(
    [0] => 也许
    [1] => 明天
    [2] => 会更好
)

    in E:\project\SimpleBlog\common\models\ArticleForm.php:206
    in E:\project\SimpleBlog\backend\modules\article\controllers\ArticleController.php:101
2016-08-11 23:56:06 [127.0.0.1][11][-][error][application] 12
    in E:\project\SimpleBlog\common\models\ArticleForm.php:208
    in E:\project\SimpleBlog\backend\modules\article\controllers\ArticleController.php:101
2016-08-11 23:56:06 [127.0.0.1][11][-][error][application] Invalid validation rule: a rule must specify both attribute names and validator type.
    in E:\project\SimpleBlog\common\models\ArticleForm.php:254
    in E:\project\SimpleBlog\backend\modules\article\controllers\ArticleController.php:101
2016-08-11 23:56:05 [127.0.0.1][11][-][info][application] $_GET = [
    'r' => 'article/article/create'
]

$_POST = [
    '_csrf' => 'Y2l5bXlaWWs7PR8mMBIUOCZEMCJPHWgJIg5MOQMKOgk0AhQyFzlvPQ=='
    'ArticleForm' => [
        'title' => '新版测试2222'
        'type' => '0'
        'tag' => '也许 明天 会更好'
        'thumbnail' => 'http://img.zyee.org/uploads/20160811/23/609557ac9bd3e10bb.gif'
        'content' => '<p>少小离家老大回，</p><p>乡音无改鬓毛衰。</p><p>昨夜星辰昨夜风，</p><p>画楼西畔桂塘东。</p>'
    ]
]

$_COOKIE = [
    '_csrf' => 'c75c1261aa1caeba71d17e587dbb3699a6f7c36437dee5d35635388a673e4769a:2:{i:0;s:5:\"_csrf\";i:1;s:32:\"XTfKIHMSE-IO6G1bAg5TzPcbWkm_nc6V\";}'
    'PHPSESSID' => 'gk2o373adurnugl3f8esb2ko97'
    '_identity' => '980e009b82b4153bf546ab1a63abfc47d45ae719d49b26726a5454a36f478522a:2:{i:0;s:9:\"_identity\";i:1;s:49:\"[\"11\",\"7d7a5763fddb3d475e7400fb684830af\",2592000]\";}'
]

$_SESSION = [
    '__flash' => [
        'error' => 1
    ]
    '__id' => '11'
    'error' => '添加文章失败'
]

$_SERVER = [
    'PATH' => 'C:\\Program Files (x86)\\Common Files\\NetSarang;C:\\Program Files\\Java\\jdk1.8.0_60\\bin;C:\\Program Files (x86)\\NVIDIA Corporation\\PhysX\\Common;C:\\WINDOWS\\system32;C:\\WINDOWS;C:\\WINDOWS\\System32\\Wbem;C:\\WINDOWS\\System32\\WindowsPowerShell\\v1.0\\;D:\\amp\\MySQL Server 5.5\\bin;C:\\Program Files\\TortoiseSVN\\bin;F:\\mingw492_32\\bin;D:\\phpStudy\\php55n;C:\\ProgramData\\ComposerSetup\\bin;C:\\Program Files\\Git\\cmd;c:\\Program Files (x86)\\QuickTime\\QTSystem\\;C:\\Program Files\\Java\\jdk1.8.0_60\\bin;'
    'SYSTEMROOT' => 'C:\\WINDOWS'
    'COMSPEC' => 'C:\\WINDOWS\\system32\\cmd.exe'
    'PATHEXT' => '.COM;.EXE;.BAT;.CMD;.VBS;.VBE;.JS;.JSE;.WSF;.WSH;.MSC'
    'WINDIR' => 'C:\\WINDOWS'
    'PHP_FCGI_MAX_REQUESTS' => '1000'
    'PHPRC' => 'D:/phpStudy/php55n'
    '_FCGI_SHUTDOWN_EVENT_' => '2612'
    'SCRIPT_NAME' => '/back/index.php'
    'REQUEST_URI' => '/back/article/article/create'
    'QUERY_STRING' => 'r=article/article/create'
    'REQUEST_METHOD' => 'POST'
    'SERVER_PROTOCOL' => 'HTTP/1.1'
    'GATEWAY_INTERFACE' => 'CGI/1.1'
    'REDIRECT_QUERY_STRING' => 'r=article/article/create'
    'REDIRECT_URL' => '/back/article/article/create'
    'REMOTE_PORT' => '51446'
    'SCRIPT_FILENAME' => 'E:/project/SimpleBlog/back/index.php'
    'SERVER_ADMIN' => 'admin@phpStudy.net'
    'CONTEXT_DOCUMENT_ROOT' => 'E:/project/SimpleBlog'
    'CONTEXT_PREFIX' => ''
    'REQUEST_SCHEME' => 'http'
    'DOCUMENT_ROOT' => 'E:/project/SimpleBlog'
    'REMOTE_ADDR' => '127.0.0.1'
    'SERVER_PORT' => '80'
    'SERVER_ADDR' => '127.0.0.1'
    'SERVER_NAME' => 'simpleblog.com'
    'SERVER_SOFTWARE' => 'Apache/2.4.18 (Win32) OpenSSL/1.0.2e mod_fcgid/2.3.9'
    'SERVER_SIGNATURE' => ''
    'SystemRoot' => 'C:\\WINDOWS'
    'HTTP_COOKIE' => '_csrf=c75c1261aa1caeba71d17e587dbb3699a6f7c36437dee5d35635388a673e4769a%3A2%3A%7Bi%3A0%3Bs%3A5%3A%22_csrf%22%3Bi%3A1%3Bs%3A32%3A%22XTfKIHMSE-IO6G1bAg5TzPcbWkm_nc6V%22%3B%7D; PHPSESSID=gk2o373adurnugl3f8esb2ko97; _identity=980e009b82b4153bf546ab1a63abfc47d45ae719d49b26726a5454a36f478522a%3A2%3A%7Bi%3A0%3Bs%3A9%3A%22_identity%22%3Bi%3A1%3Bs%3A49%3A%22%5B%2211%22%2C%227d7a5763fddb3d475e7400fb684830af%22%2C2592000%5D%22%3B%7D'
    'HTTP_ACCEPT_LANGUAGE' => 'zh-CN,zh;q=0.8'
    'HTTP_ACCEPT_ENCODING' => 'gzip, deflate'
    'HTTP_REFERER' => 'http://simpleblog.com/back/article/article/create'
    'CONTENT_TYPE' => 'application/x-www-form-urlencoded'
    'HTTP_USER_AGENT' => 'Mozilla/5.0 (Windows NT 10.0; WOW64) AppleWebKit/537.36 (KHTML, like Gecko) Chrome/50.0.2661.102 Safari/537.36'
    'HTTP_UPGRADE_INSECURE_REQUESTS' => '1'
    'HTTP_ORIGIN' => 'http://simpleblog.com'
    'HTTP_ACCEPT' => 'text/html,application/xhtml+xml,application/xml;q=0.9,image/webp,*/*;q=0.8'
    'HTTP_CACHE_CONTROL' => 'max-age=0'
    'CONTENT_LENGTH' => '726'
    'HTTP_CONNECTION' => 'close'
    'HTTP_HOST' => 'simpleblog.com'
    'REDIRECT_STATUS' => '200'
    'FCGI_ROLE' => 'RESPONDER'
    'PHP_SELF' => '/back/index.php'
    'REQUEST_TIME_FLOAT' => 1470930965.2983
    'REQUEST_TIME' => 1470930965
]
2016-08-11 23:59:05 [127.0.0.1][11][-][error][application] Array
(
    [id] => 
    [title] => 新版测试2222
    [type] => 0
    [tag] => 也许 明天 会更好
    [author] => 夜小楼
    [thumbnail] => http://img.zyee.org/uploads/20160811/23/609557ac9bd3e10bb.gif
    [description] => 少小离家老大回，乡音无改鬓毛衰。昨夜星辰昨夜风，画楼西畔桂塘东。
    [addtime] => 1470931145
    [is_del] => 0
    [del_time] => 0
    [content] => <p>少小离家老大回，</p><p>乡音无改鬓毛衰。</p><p>昨夜星辰昨夜风，</p><p>画楼西畔桂塘东。</p>
    [thumbUrl] => Array
        (
        )

    [thumbDescription] => Array
        (
        )

    [thumbAddtime] => Array
        (
        )

)

    in E:\project\SimpleBlog\common\models\ArticleForm.php:186
    in E:\project\SimpleBlog\backend\modules\article\controllers\ArticleController.php:101
2016-08-11 23:59:05 [127.0.0.1][11][-][error][application] Array
(
    [0] => 也许
    [1] => 明天
    [2] => 会更好
)

    in E:\project\SimpleBlog\common\models\ArticleForm.php:198
    in E:\project\SimpleBlog\backend\modules\article\controllers\ArticleController.php:101
2016-08-11 23:59:05 [127.0.0.1][11][-][error][application] Array
(
    [0] => 也许
    [1] => 明天
    [2] => 会更好
)

    in E:\project\SimpleBlog\common\models\ArticleForm.php:206
    in E:\project\SimpleBlog\backend\modules\article\controllers\ArticleController.php:101
2016-08-11 23:59:05 [127.0.0.1][11][-][error][application] 12
    in E:\project\SimpleBlog\common\models\ArticleForm.php:208
    in E:\project\SimpleBlog\backend\modules\article\controllers\ArticleController.php:101
2016-08-11 23:59:06 [127.0.0.1][11][-][error][application] Array
(
    [id] => 
    [aid] => 54
    [content] => <p>少小离家老大回，</p><p>乡音无改鬓毛衰。</p><p>昨夜星辰昨夜风，</p><p>画楼西畔桂塘东。</p>
)

    in E:\project\SimpleBlog\common\models\ArticleForm.php:232
    in E:\project\SimpleBlog\backend\modules\article\controllers\ArticleController.php:101
2016-08-11 23:59:04 [127.0.0.1][11][-][info][application] $_GET = [
    'r' => 'article/article/create'
]

$_POST = [
    '_csrf' => 'SnBnTDRYdkISJAEHfRA7EQ9dLgMCH0cgCxdSGE4IFSAdGwoTWjtAFA=='
    'ArticleForm' => [
        'title' => '新版测试2222'
        'type' => '0'
        'tag' => '也许 明天 会更好'
        'thumbnail' => 'http://img.zyee.org/uploads/20160811/23/609557ac9bd3e10bb.gif'
        'content' => '<p>少小离家老大回，</p><p>乡音无改鬓毛衰。</p><p>昨夜星辰昨夜风，</p><p>画楼西畔桂塘东。</p>'
    ]
]

$_COOKIE = [
    '_csrf' => 'c75c1261aa1caeba71d17e587dbb3699a6f7c36437dee5d35635388a673e4769a:2:{i:0;s:5:\"_csrf\";i:1;s:32:\"XTfKIHMSE-IO6G1bAg5TzPcbWkm_nc6V\";}'
    'PHPSESSID' => 'gk2o373adurnugl3f8esb2ko97'
    '_identity' => '980e009b82b4153bf546ab1a63abfc47d45ae719d49b26726a5454a36f478522a:2:{i:0;s:9:\"_identity\";i:1;s:49:\"[\"11\",\"7d7a5763fddb3d475e7400fb684830af\",2592000]\";}'
]

$_SESSION = [
    '__flash' => []
    '__id' => '11'
]

$_SERVER = [
    'PATH' => 'C:\\Program Files (x86)\\Common Files\\NetSarang;C:\\Program Files\\Java\\jdk1.8.0_60\\bin;C:\\Program Files (x86)\\NVIDIA Corporation\\PhysX\\Common;C:\\WINDOWS\\system32;C:\\WINDOWS;C:\\WINDOWS\\System32\\Wbem;C:\\WINDOWS\\System32\\WindowsPowerShell\\v1.0\\;D:\\amp\\MySQL Server 5.5\\bin;C:\\Program Files\\TortoiseSVN\\bin;F:\\mingw492_32\\bin;D:\\phpStudy\\php55n;C:\\ProgramData\\ComposerSetup\\bin;C:\\Program Files\\Git\\cmd;c:\\Program Files (x86)\\QuickTime\\QTSystem\\;C:\\Program Files\\Java\\jdk1.8.0_60\\bin;'
    'SYSTEMROOT' => 'C:\\WINDOWS'
    'COMSPEC' => 'C:\\WINDOWS\\system32\\cmd.exe'
    'PATHEXT' => '.COM;.EXE;.BAT;.CMD;.VBS;.VBE;.JS;.JSE;.WSF;.WSH;.MSC'
    'WINDIR' => 'C:\\WINDOWS'
    'PHP_FCGI_MAX_REQUESTS' => '1000'
    'PHPRC' => 'D:/phpStudy/php55n'
    '_FCGI_SHUTDOWN_EVENT_' => '2472'
    'SCRIPT_NAME' => '/back/index.php'
    'REQUEST_URI' => '/back/article/article/create'
    'QUERY_STRING' => 'r=article/article/create'
    'REQUEST_METHOD' => 'POST'
    'SERVER_PROTOCOL' => 'HTTP/1.1'
    'GATEWAY_INTERFACE' => 'CGI/1.1'
    'REDIRECT_QUERY_STRING' => 'r=article/article/create'
    'REDIRECT_URL' => '/back/article/article/create'
    'REMOTE_PORT' => '52528'
    'SCRIPT_FILENAME' => 'E:/project/SimpleBlog/back/index.php'
    'SERVER_ADMIN' => 'admin@phpStudy.net'
    'CONTEXT_DOCUMENT_ROOT' => 'E:/project/SimpleBlog'
    'CONTEXT_PREFIX' => ''
    'REQUEST_SCHEME' => 'http'
    'DOCUMENT_ROOT' => 'E:/project/SimpleBlog'
    'REMOTE_ADDR' => '127.0.0.1'
    'SERVER_PORT' => '80'
    'SERVER_ADDR' => '127.0.0.1'
    'SERVER_NAME' => 'simpleblog.com'
    'SERVER_SOFTWARE' => 'Apache/2.4.18 (Win32) OpenSSL/1.0.2e mod_fcgid/2.3.9'
    'SERVER_SIGNATURE' => ''
    'SystemRoot' => 'C:\\WINDOWS'
    'HTTP_COOKIE' => '_csrf=c75c1261aa1caeba71d17e587dbb3699a6f7c36437dee5d35635388a673e4769a%3A2%3A%7Bi%3A0%3Bs%3A5%3A%22_csrf%22%3Bi%3A1%3Bs%3A32%3A%22XTfKIHMSE-IO6G1bAg5TzPcbWkm_nc6V%22%3B%7D; PHPSESSID=gk2o373adurnugl3f8esb2ko97; _identity=980e009b82b4153bf546ab1a63abfc47d45ae719d49b26726a5454a36f478522a%3A2%3A%7Bi%3A0%3Bs%3A9%3A%22_identity%22%3Bi%3A1%3Bs%3A49%3A%22%5B%2211%22%2C%227d7a5763fddb3d475e7400fb684830af%22%2C2592000%5D%22%3B%7D'
    'HTTP_ACCEPT_LANGUAGE' => 'zh-CN,zh;q=0.8'
    'HTTP_ACCEPT_ENCODING' => 'gzip, deflate'
    'HTTP_REFERER' => 'http://simpleblog.com/back/article/article/create'
    'CONTENT_TYPE' => 'application/x-www-form-urlencoded'
    'HTTP_USER_AGENT' => 'Mozilla/5.0 (Windows NT 10.0; WOW64) AppleWebKit/537.36 (KHTML, like Gecko) Chrome/50.0.2661.102 Safari/537.36'
    'HTTP_UPGRADE_INSECURE_REQUESTS' => '1'
    'HTTP_ORIGIN' => 'http://simpleblog.com'
    'HTTP_ACCEPT' => 'text/html,application/xhtml+xml,application/xml;q=0.9,image/webp,*/*;q=0.8'
    'HTTP_CACHE_CONTROL' => 'max-age=0'
    'CONTENT_LENGTH' => '726'
    'HTTP_CONNECTION' => 'close'
    'HTTP_HOST' => 'simpleblog.com'
    'REDIRECT_STATUS' => '200'
    'FCGI_ROLE' => 'RESPONDER'
    'PHP_SELF' => '/back/index.php'
    'REQUEST_TIME_FLOAT' => 1470931144.6674
    'REQUEST_TIME' => 1470931144
]
2016-08-11 23:59:06 [127.0.0.1][11][gk2o373adurnugl3f8esb2ko97][error][yii\base\ErrorException:8] exception 'yii\base\ErrorException' with message 'Undefined index: tagname' in E:\project\SimpleBlog\backend\modules\article\views\article\view.php:44
Stack trace:
#0 E:\project\SimpleBlog\backend\modules\article\views\article\view.php(44): yii\base\ErrorHandler->handleError(8, 'Undefined index...', 'E:\\project\\Simp...', 44, Array)
#1 E:\project\SimpleBlog\vendor\yiisoft\yii2\base\View.php(325): require('E:\\project\\Simp...')
#2 E:\project\SimpleBlog\vendor\yiisoft\yii2\base\View.php(247): yii\base\View->renderPhpFile('E:\\project\\Simp...', Array)
#3 E:\project\SimpleBlog\vendor\yiisoft\yii2\base\View.php(149): yii\base\View->renderFile('E:\\project\\Simp...', Array, Object(backend\modules\article\controllers\ArticleController))
#4 E:\project\SimpleBlog\vendor\yiisoft\yii2\base\Controller.php(377): yii\base\View->render('view', Array, Object(backend\modules\article\controllers\ArticleController))
#5 E:\project\SimpleBlog\backend\modules\article\controllers\ArticleController.php(84): yii\base\Controller->render('view', Array)
#6 [internal function]: backend\modules\article\controllers\ArticleController->actionView()
#7 E:\project\SimpleBlog\vendor\yiisoft\yii2\base\InlineAction.php(55): call_user_func_array(Array, Array)
#8 E:\project\SimpleBlog\vendor\yiisoft\yii2\base\Controller.php(154): yii\base\InlineAction->runWithParams(Array)
#9 E:\project\SimpleBlog\vendor\yiisoft\yii2\base\Module.php(454): yii\base\Controller->runAction('view', Array)
#10 E:\project\SimpleBlog\vendor\yiisoft\yii2\web\Application.php(84): yii\base\Module->runAction('article/article...', Array)
#11 E:\project\SimpleBlog\vendor\yiisoft\yii2\base\Application.php(375): yii\web\Application->handleRequest(Object(yii\web\Request))
#12 E:\project\SimpleBlog\back\index.php(21): yii\base\Application->run()
#13 {main}
2016-08-11 23:59:06 [127.0.0.1][11][gk2o373adurnugl3f8esb2ko97][info][application] $_GET = [
    'r' => 'article/article/view'
    'id' => '54'
]

$_COOKIE = [
    '_csrf' => 'c75c1261aa1caeba71d17e587dbb3699a6f7c36437dee5d35635388a673e4769a:2:{i:0;s:5:\"_csrf\";i:1;s:32:\"XTfKIHMSE-IO6G1bAg5TzPcbWkm_nc6V\";}'
    '_identity' => '980e009b82b4153bf546ab1a63abfc47d45ae719d49b26726a5454a36f478522a:2:{i:0;s:9:\"_identity\";i:1;s:49:\"[\"11\",\"7d7a5763fddb3d475e7400fb684830af\",2592000]\";}'
    'PHPSESSID' => 'gk2o373adurnugl3f8esb2ko97'
]

$_SESSION = [
    '__flash' => []
    '__id' => '11'
]

$_SERVER = [
    'PATH' => 'C:\\Program Files (x86)\\Common Files\\NetSarang;C:\\Program Files\\Java\\jdk1.8.0_60\\bin;C:\\Program Files (x86)\\NVIDIA Corporation\\PhysX\\Common;C:\\WINDOWS\\system32;C:\\WINDOWS;C:\\WINDOWS\\System32\\Wbem;C:\\WINDOWS\\System32\\WindowsPowerShell\\v1.0\\;D:\\amp\\MySQL Server 5.5\\bin;C:\\Program Files\\TortoiseSVN\\bin;F:\\mingw492_32\\bin;D:\\phpStudy\\php55n;C:\\ProgramData\\ComposerSetup\\bin;C:\\Program Files\\Git\\cmd;c:\\Program Files (x86)\\QuickTime\\QTSystem\\;C:\\Program Files\\Java\\jdk1.8.0_60\\bin;'
    'SYSTEMROOT' => 'C:\\WINDOWS'
    'COMSPEC' => 'C:\\WINDOWS\\system32\\cmd.exe'
    'PATHEXT' => '.COM;.EXE;.BAT;.CMD;.VBS;.VBE;.JS;.JSE;.WSF;.WSH;.MSC'
    'WINDIR' => 'C:\\WINDOWS'
    'PHP_FCGI_MAX_REQUESTS' => '1000'
    'PHPRC' => 'D:/phpStudy/php55n'
    '_FCGI_SHUTDOWN_EVENT_' => '2472'
    'SCRIPT_NAME' => '/back/index.php'
    'REQUEST_URI' => '/back/article/article/view?id=54'
    'QUERY_STRING' => 'r=article/article/view&id=54'
    'REQUEST_METHOD' => 'GET'
    'SERVER_PROTOCOL' => 'HTTP/1.1'
    'GATEWAY_INTERFACE' => 'CGI/1.1'
    'REDIRECT_QUERY_STRING' => 'r=article/article/view&id=54'
    'REDIRECT_URL' => '/back/article/article/view'
    'REMOTE_PORT' => '52528'
    'SCRIPT_FILENAME' => 'E:/project/SimpleBlog/back/index.php'
    'SERVER_ADMIN' => 'admin@phpStudy.net'
    'CONTEXT_DOCUMENT_ROOT' => 'E:/project/SimpleBlog'
    'CONTEXT_PREFIX' => ''
    'REQUEST_SCHEME' => 'http'
    'DOCUMENT_ROOT' => 'E:/project/SimpleBlog'
    'REMOTE_ADDR' => '127.0.0.1'
    'SERVER_PORT' => '80'
    'SERVER_ADDR' => '127.0.0.1'
    'SERVER_NAME' => 'simpleblog.com'
    'SERVER_SOFTWARE' => 'Apache/2.4.18 (Win32) OpenSSL/1.0.2e mod_fcgid/2.3.9'
    'SERVER_SIGNATURE' => ''
    'SystemRoot' => 'C:\\WINDOWS'
    'HTTP_COOKIE' => '_csrf=c75c1261aa1caeba71d17e587dbb3699a6f7c36437dee5d35635388a673e4769a%3A2%3A%7Bi%3A0%3Bs%3A5%3A%22_csrf%22%3Bi%3A1%3Bs%3A32%3A%22XTfKIHMSE-IO6G1bAg5TzPcbWkm_nc6V%22%3B%7D; _identity=980e009b82b4153bf546ab1a63abfc47d45ae719d49b26726a5454a36f478522a%3A2%3A%7Bi%3A0%3Bs%3A9%3A%22_identity%22%3Bi%3A1%3Bs%3A49%3A%22%5B%2211%22%2C%227d7a5763fddb3d475e7400fb684830af%22%2C2592000%5D%22%3B%7D; PHPSESSID=gk2o373adurnugl3f8esb2ko97'
    'HTTP_ACCEPT_LANGUAGE' => 'zh-CN,zh;q=0.8'
    'HTTP_ACCEPT_ENCODING' => 'gzip, deflate, sdch'
    'HTTP_REFERER' => 'http://simpleblog.com/back/article/article/create'
    'HTTP_USER_AGENT' => 'Mozilla/5.0 (Windows NT 10.0; WOW64) AppleWebKit/537.36 (KHTML, like Gecko) Chrome/50.0.2661.102 Safari/537.36'
    'HTTP_UPGRADE_INSECURE_REQUESTS' => '1'
    'HTTP_ACCEPT' => 'text/html,application/xhtml+xml,application/xml;q=0.9,image/webp,*/*;q=0.8'
    'HTTP_CACHE_CONTROL' => 'max-age=0'
    'HTTP_CONNECTION' => 'close'
    'HTTP_HOST' => 'simpleblog.com'
    'REDIRECT_STATUS' => '200'
    'FCGI_ROLE' => 'RESPONDER'
    'PHP_SELF' => '/back/index.php'
    'REQUEST_TIME_FLOAT' => 1470931146.2307
    'REQUEST_TIME' => 1470931146
]
